<?xml version="1.0" encoding="UTF-8"?>
<!-- Generated by org.testng.reporters.JUnitXMLReporter -->
<testsuite hostname="LAPTOP-MJBTG76S" ignored="0" name="Default test" tests="6" failures="0" timestamp="18 Jul 2020 12:13:15 GMT" time="13.171" errors="0">
  <testcase name="testOne" time="0.704" classname="June.June.extendReportingConcept"/>
  <testcase name="testTwo" time="1.434" classname="June.June.extendReportingConcept"/>
  <testcase name="testThree" time="0.064" classname="June.June.extendReportingConcept"/>
  <testcase name="testFour" time="0.055" classname="June.June.extendReportingConcept"/>
  <testcase name="testFive" time="0.107" classname="June.June.extendReportingConcept"/>
  <testcase name="testSix" time="0.004" classname="June.June.extendReportingConcept"/>
</testsuite> <!-- Default test -->
