<?xml version="1.0" encoding="UTF-8"?>
<testng-results skipped="0" failed="0" ignored="0" total="6" passed="6">
  <reporter-output>
  </reporter-output>
  <suite name="Default suite" duration-ms="13171" started-at="2020-07-18T12:13:01Z" finished-at="2020-07-18T12:13:14Z">
    <groups>
    </groups>
    <test name="Default test" duration-ms="13171" started-at="2020-07-18T12:13:01Z" finished-at="2020-07-18T12:13:14Z">
      <class name="June.June.extendReportingConcept">
        <test-method status="PASS" signature="setUp()[pri:0, instance:June.June.extendReportingConcept@1b604f19]" name="setUp" is-config="true" duration-ms="9869" started-at="2020-07-18T17:43:01Z" finished-at="2020-07-18T17:43:11Z">
          <reporter-output>
          </reporter-output>
        </test-method> <!-- setUp -->
        <test-method status="PASS" signature="startTest(java.lang.reflect.Method)[pri:0, instance:June.June.extendReportingConcept@1b604f19]" name="startTest" is-config="true" duration-ms="11" started-at="2020-07-18T17:43:11Z" finished-at="2020-07-18T17:43:11Z">
          <params>
            <param index="0">
              <value>
                <![CDATA[public void June.June.extendReportingConcept.testOne()]]>
              </value>
            </param>
          </params>
          <reporter-output>
          </reporter-output>
        </test-method> <!-- startTest -->
        <test-method status="PASS" signature="testOne()[pri:0, instance:June.June.extendReportingConcept@1b604f19]" name="testOne" duration-ms="704" started-at="2020-07-18T17:43:11Z" finished-at="2020-07-18T17:43:12Z">
          <reporter-output>
          </reporter-output>
        </test-method> <!-- testOne -->
        <test-method status="PASS" signature="endTest()[pri:0, instance:June.June.extendReportingConcept@1b604f19]" name="endTest" is-config="true" duration-ms="9" started-at="2020-07-18T17:43:12Z" finished-at="2020-07-18T17:43:12Z">
          <reporter-output>
          </reporter-output>
        </test-method> <!-- endTest -->
        <test-method status="PASS" signature="startTest(java.lang.reflect.Method)[pri:0, instance:June.June.extendReportingConcept@1b604f19]" name="startTest" is-config="true" duration-ms="1" started-at="2020-07-18T17:43:12Z" finished-at="2020-07-18T17:43:12Z">
          <params>
            <param index="0">
              <value>
                <![CDATA[public void June.June.extendReportingConcept.testTwo()]]>
              </value>
            </param>
          </params>
          <reporter-output>
          </reporter-output>
        </test-method> <!-- startTest -->
        <test-method status="PASS" signature="testTwo()[pri:1, instance:June.June.extendReportingConcept@1b604f19]" name="testTwo" duration-ms="1434" started-at="2020-07-18T17:43:12Z" finished-at="2020-07-18T17:43:14Z">
          <reporter-output>
          </reporter-output>
        </test-method> <!-- testTwo -->
        <test-method status="PASS" signature="endTest()[pri:0, instance:June.June.extendReportingConcept@1b604f19]" name="endTest" is-config="true" duration-ms="0" started-at="2020-07-18T17:43:14Z" finished-at="2020-07-18T17:43:14Z">
          <reporter-output>
          </reporter-output>
        </test-method> <!-- endTest -->
        <test-method status="PASS" signature="testThree()[pri:2, instance:June.June.extendReportingConcept@1b604f19]" name="testThree" duration-ms="64" started-at="2020-07-18T17:43:14Z" finished-at="2020-07-18T17:43:14Z">
          <reporter-output>
          </reporter-output>
        </test-method> <!-- testThree -->
        <test-method status="PASS" signature="startTest(java.lang.reflect.Method)[pri:0, instance:June.June.extendReportingConcept@1b604f19]" name="startTest" is-config="true" duration-ms="0" started-at="2020-07-18T17:43:14Z" finished-at="2020-07-18T17:43:14Z">
          <params>
            <param index="0">
              <value>
                <![CDATA[public void June.June.extendReportingConcept.testThree()]]>
              </value>
            </param>
          </params>
          <reporter-output>
          </reporter-output>
        </test-method> <!-- startTest -->
        <test-method status="PASS" signature="endTest()[pri:0, instance:June.June.extendReportingConcept@1b604f19]" name="endTest" is-config="true" duration-ms="0" started-at="2020-07-18T17:43:14Z" finished-at="2020-07-18T17:43:14Z">
          <reporter-output>
          </reporter-output>
        </test-method> <!-- endTest -->
        <test-method status="PASS" signature="testFour()[pri:3, instance:June.June.extendReportingConcept@1b604f19]" name="testFour" duration-ms="55" started-at="2020-07-18T17:43:14Z" finished-at="2020-07-18T17:43:14Z">
          <reporter-output>
          </reporter-output>
        </test-method> <!-- testFour -->
        <test-method status="PASS" signature="startTest(java.lang.reflect.Method)[pri:0, instance:June.June.extendReportingConcept@1b604f19]" name="startTest" is-config="true" duration-ms="0" started-at="2020-07-18T17:43:14Z" finished-at="2020-07-18T17:43:14Z">
          <params>
            <param index="0">
              <value>
                <![CDATA[public void June.June.extendReportingConcept.testFour()]]>
              </value>
            </param>
          </params>
          <reporter-output>
          </reporter-output>
        </test-method> <!-- startTest -->
        <test-method status="PASS" signature="endTest()[pri:0, instance:June.June.extendReportingConcept@1b604f19]" name="endTest" is-config="true" duration-ms="1" started-at="2020-07-18T17:43:14Z" finished-at="2020-07-18T17:43:14Z">
          <reporter-output>
          </reporter-output>
        </test-method> <!-- endTest -->
        <test-method status="PASS" signature="startTest(java.lang.reflect.Method)[pri:0, instance:June.June.extendReportingConcept@1b604f19]" name="startTest" is-config="true" duration-ms="1" started-at="2020-07-18T17:43:14Z" finished-at="2020-07-18T17:43:14Z">
          <params>
            <param index="0">
              <value>
                <![CDATA[public void June.June.extendReportingConcept.testFive()]]>
              </value>
            </param>
          </params>
          <reporter-output>
          </reporter-output>
        </test-method> <!-- startTest -->
        <test-method status="PASS" signature="testFive()[pri:4, instance:June.June.extendReportingConcept@1b604f19]" name="testFive" duration-ms="107" started-at="2020-07-18T17:43:14Z" finished-at="2020-07-18T17:43:14Z">
          <reporter-output>
          </reporter-output>
        </test-method> <!-- testFive -->
        <test-method status="PASS" signature="endTest()[pri:0, instance:June.June.extendReportingConcept@1b604f19]" name="endTest" is-config="true" duration-ms="1" started-at="2020-07-18T17:43:14Z" finished-at="2020-07-18T17:43:14Z">
          <reporter-output>
          </reporter-output>
        </test-method> <!-- endTest -->
        <test-method status="PASS" signature="startTest(java.lang.reflect.Method)[pri:0, instance:June.June.extendReportingConcept@1b604f19]" name="startTest" is-config="true" duration-ms="1" started-at="2020-07-18T17:43:14Z" finished-at="2020-07-18T17:43:14Z">
          <params>
            <param index="0">
              <value>
                <![CDATA[public void June.June.extendReportingConcept.testSix()]]>
              </value>
            </param>
          </params>
          <reporter-output>
          </reporter-output>
        </test-method> <!-- startTest -->
        <test-method status="PASS" signature="testSix()[pri:5, instance:June.June.extendReportingConcept@1b604f19]" name="testSix" duration-ms="4" started-at="2020-07-18T17:43:14Z" finished-at="2020-07-18T17:43:14Z">
          <reporter-output>
          </reporter-output>
        </test-method> <!-- testSix -->
        <test-method status="PASS" signature="endTest()[pri:0, instance:June.June.extendReportingConcept@1b604f19]" name="endTest" is-config="true" duration-ms="1" started-at="2020-07-18T17:43:14Z" finished-at="2020-07-18T17:43:14Z">
          <reporter-output>
          </reporter-output>
        </test-method> <!-- endTest -->
        <test-method status="PASS" signature="driverQuit()[pri:0, instance:June.June.extendReportingConcept@1b604f19]" name="driverQuit" is-config="true" duration-ms="709" started-at="2020-07-18T17:43:14Z" finished-at="2020-07-18T17:43:14Z">
          <reporter-output>
          </reporter-output>
        </test-method> <!-- driverQuit -->
      </class> <!-- June.June.extendReportingConcept -->
    </test> <!-- Default test -->
  </suite> <!-- Default suite -->
</testng-results>
